[0.047s] Invoking command in 'C:\Users\TingWeiOu\ros2_test\build\cpp_pubsub': APPDATA=%APPDATA%
C:\opt\ros\noetic\x64\bin=C:\opt\ros\noetic\x64\bin
C:\xmllint\bin=C:\xmllint\bin C:\opt\ros\foxy\x64\Scripts\cmake.EXE C:\Users\TingWeiOu\ros2_test\src\cpp_pubsub -DCMAKE_INSTALL_PREFIX=C:\Users\TingWeiOu\ros2_test\install
[0.110s] -- Selecting Windows SDK version 10.0.19041.0 to target Windows 10.0.22621.
[0.125s] -- Found ament_cmake: 0.9.9 (C:/opt/ros/foxy/x64/share/ament_cmake/cmake)
[0.157s] -- Using PYTHON_EXECUTABLE: C:/opt/ros/foxy/x64/python.exe
[0.407s] -- Found rclcpp: 2.4.0 (C:/opt/ros/foxy/x64/share/rclcpp/cmake)
[0.438s] -- Using all available rosidl_typesupport_c: rosidl_typesupport_fastrtps_c;rosidl_typesupport_introspection_c
[0.438s] -- Found rosidl_adapter: 1.2.1 (C:/opt/ros/foxy/x64/share/rosidl_adapter/cmake)
[0.875s] -- Using all available rosidl_typesupport_cpp: rosidl_typesupport_fastrtps_cpp;rosidl_typesupport_introspection_cpp
[0.938s] -- Found rmw_implementation_cmake: 1.0.3 (C:/opt/ros/foxy/x64/share/rmw_implementation_cmake/cmake)
[0.938s] -- Using RMW implementation 'rmw_fastrtps_cpp' as default
[1.047s] -- Found std_msgs: 2.0.4 (C:/opt/ros/foxy/x64/share/std_msgs/cmake)
[1.063s] -- Found ament_lint_auto: 0.9.6 (C:/opt/ros/foxy/x64/share/ament_lint_auto/cmake)
[1.157s] -- Added test 'copyright' to check source files copyright and LICENSE
[1.172s] -- Added test 'cppcheck' to perform static code analysis on C / C++ code
[1.172s] -- Configured cppcheck include dirs: 
[1.172s] -- Configured cppcheck exclude dirs and/or files: 
[1.188s] -- Added test 'cpplint' to check C / C++ code against the Google style
[1.188s] -- Configured cpplint exclude dirs and/or files: 
[1.188s] -- Added test 'lint_cmake' to check CMake code style
[1.203s] -- Added test 'uncrustify' to check C / C++ code style
[1.203s] -- Configured uncrustify additional arguments: 
[1.203s] -- Added test 'xmllint' to check XML markup files
[1.219s] -- Configuring done
[1.578s] -- Generating done
[1.594s] -- Build files have been written to: C:/Users/TingWeiOu/ros2_test/build/cpp_pubsub
[1.610s] Invoked command in 'C:\Users\TingWeiOu\ros2_test\build\cpp_pubsub' returned '0': APPDATA=%APPDATA%
C:\opt\ros\noetic\x64\bin=C:\opt\ros\noetic\x64\bin
C:\xmllint\bin=C:\xmllint\bin C:\opt\ros\foxy\x64\Scripts\cmake.EXE C:\Users\TingWeiOu\ros2_test\src\cpp_pubsub -DCMAKE_INSTALL_PREFIX=C:\Users\TingWeiOu\ros2_test\install
[1.610s] Invoking command in 'C:\Users\TingWeiOu\ros2_test\build\cpp_pubsub': APPDATA=%APPDATA%
C:\opt\ros\noetic\x64\bin=C:\opt\ros\noetic\x64\bin
C:\xmllint\bin=C:\xmllint\bin CL=/MP C:\opt\ros\foxy\x64\Scripts\cmake.EXE --build C:\Users\TingWeiOu\ros2_test\build\cpp_pubsub --config Release
[1.766s] Microsoft (R) Build Engine for .NET Framework 16.11.2+f32259642 版
[1.766s] Copyright (C) Microsoft Corporation. 著作權所有，並保留一切權利。
[1.766s] 
[2.078s]   Checking Build System
[2.203s]   Building Custom Rule C:/Users/TingWeiOu/ros2_test/src/cpp_pubsub/CMakeLists.txt
[2.313s]   listner.cpp
[2.578s] C:\opt\ros\foxy\x64\include\rmw/types.h(1,1): warning C4819: 檔案含有無法在目前字碼頁 (950) 中表示的字元。請以 Unicode 格式儲存檔案以防止資料遺失 [C:\Users\TingWeiOu\ros2_test\build\cpp_pubsub\listner.vcxproj]
[4.625s]   listner.vcxproj -> C:\Users\TingWeiOu\ros2_test\build\cpp_pubsub\Release\listner.exe
[4.703s]   Building Custom Rule C:/Users/TingWeiOu/ros2_test/src/cpp_pubsub/CMakeLists.txt
[4.766s]   talker.vcxproj -> C:\Users\TingWeiOu\ros2_test\build\cpp_pubsub\Release\talker.exe
[4.844s]   Building Custom Rule C:/Users/TingWeiOu/ros2_test/src/cpp_pubsub/CMakeLists.txt
[4.891s] Invoked command in 'C:\Users\TingWeiOu\ros2_test\build\cpp_pubsub' returned '0': APPDATA=%APPDATA%
C:\opt\ros\noetic\x64\bin=C:\opt\ros\noetic\x64\bin
C:\xmllint\bin=C:\xmllint\bin CL=/MP C:\opt\ros\foxy\x64\Scripts\cmake.EXE --build C:\Users\TingWeiOu\ros2_test\build\cpp_pubsub --config Release
[4.969s] Invoking command in 'C:\Users\TingWeiOu\ros2_test\build\cpp_pubsub': APPDATA=%APPDATA%
C:\opt\ros\noetic\x64\bin=C:\opt\ros\noetic\x64\bin
C:\xmllint\bin=C:\xmllint\bin C:\opt\ros\foxy\x64\Scripts\cmake.EXE --install C:\Users\TingWeiOu\ros2_test\build\cpp_pubsub --config Release
[5.047s] -- Installing: C:/Users/TingWeiOu/ros2_test/install/lib/cpp_pubsub/talker.exe
[5.063s] -- Installing: C:/Users/TingWeiOu/ros2_test/install/lib/cpp_pubsub/listner.exe
[5.078s] -- Up-to-date: C:/Users/TingWeiOu/ros2_test/install/share/ament_index/resource_index/package_run_dependencies/cpp_pubsub
[5.078s] -- Up-to-date: C:/Users/TingWeiOu/ros2_test/install/share/ament_index/resource_index/parent_prefix_path/cpp_pubsub
[5.078s] -- Up-to-date: C:/Users/TingWeiOu/ros2_test/install/share/cpp_pubsub/environment/ament_prefix_path.bat
[5.078s] -- Installing: C:/Users/TingWeiOu/ros2_test/install/share/cpp_pubsub/environment/ament_prefix_path.dsv
[5.078s] -- Up-to-date: C:/Users/TingWeiOu/ros2_test/install/share/cpp_pubsub/environment/path.bat
[5.078s] -- Installing: C:/Users/TingWeiOu/ros2_test/install/share/cpp_pubsub/environment/path.dsv
[5.078s] -- Up-to-date: C:/Users/TingWeiOu/ros2_test/install/share/cpp_pubsub/local_setup.bat
[5.078s] -- Installing: C:/Users/TingWeiOu/ros2_test/install/share/cpp_pubsub/local_setup.dsv
[5.078s] -- Installing: C:/Users/TingWeiOu/ros2_test/install/share/cpp_pubsub/package.dsv
[5.078s] -- Up-to-date: C:/Users/TingWeiOu/ros2_test/install/share/ament_index/resource_index/packages/cpp_pubsub
[5.078s] -- Up-to-date: C:/Users/TingWeiOu/ros2_test/install/share/cpp_pubsub/cmake/cpp_pubsubConfig.cmake
[5.094s] -- Up-to-date: C:/Users/TingWeiOu/ros2_test/install/share/cpp_pubsub/cmake/cpp_pubsubConfig-version.cmake
[5.094s] -- Up-to-date: C:/Users/TingWeiOu/ros2_test/install/share/cpp_pubsub/package.xml
[5.094s] Invoked command in 'C:\Users\TingWeiOu\ros2_test\build\cpp_pubsub' returned '0': APPDATA=%APPDATA%
C:\opt\ros\noetic\x64\bin=C:\opt\ros\noetic\x64\bin
C:\xmllint\bin=C:\xmllint\bin C:\opt\ros\foxy\x64\Scripts\cmake.EXE --install C:\Users\TingWeiOu\ros2_test\build\cpp_pubsub --config Release
