[0.093s] Invoking command in 'C:\Users\TingWeiOu\ros2_test\build\publisher': APPDATA=%APPDATA%
C:\opt\ros\noetic\x64\bin=C:\opt\ros\noetic\x64\bin C:\opt\ros\foxy\x64\Scripts\cmake.EXE C:\Users\TingWeiOu\ros2_test\src\publisher -DCMAKE_INSTALL_PREFIX=C:\Users\TingWeiOu\ros2_test\install
[0.343s] -- Selecting Windows SDK version 10.0.19041.0 to target Windows 10.0.22621.
[0.468s] -- Found ament_cmake: 0.9.9 (C:/opt/ros/foxy/x64/share/ament_cmake/cmake)
[0.906s] -- Using PYTHON_EXECUTABLE: C:/opt/ros/foxy/x64/python.exe
[2.546s] -- Found ament_lint_auto: 0.9.6 (C:/opt/ros/foxy/x64/share/ament_lint_auto/cmake)
[3.187s] -- Added test 'copyright' to check source files copyright and LICENSE
[3.203s] -- Added test 'cppcheck' to perform static code analysis on C / C++ code
[3.203s] -- Configured cppcheck include dirs: $<BUILD_INTERFACE:C:/Users/TingWeiOu/ros2_test/src/publisher/include>
[3.203s] -- Configured cppcheck exclude dirs and/or files: 
[3.218s] -- Added test 'cpplint' to check C / C++ code against the Google style
[3.218s] -- Configured cpplint exclude dirs and/or files: 
[3.250s] -- Added test 'lint_cmake' to check CMake code style
[3.265s] -- Added test 'uncrustify' to check C / C++ code style
[3.265s] -- Configured uncrustify additional arguments: 
[3.265s] -- Added test 'xmllint' to check XML markup files
[3.281s] -- Configuring done
[3.546s] -- Generating done
[3.578s] -- Build files have been written to: C:/Users/TingWeiOu/ros2_test/build/publisher
[3.578s] Invoked command in 'C:\Users\TingWeiOu\ros2_test\build\publisher' returned '0': APPDATA=%APPDATA%
C:\opt\ros\noetic\x64\bin=C:\opt\ros\noetic\x64\bin C:\opt\ros\foxy\x64\Scripts\cmake.EXE C:\Users\TingWeiOu\ros2_test\src\publisher -DCMAKE_INSTALL_PREFIX=C:\Users\TingWeiOu\ros2_test\install
[3.578s] Invoking command in 'C:\Users\TingWeiOu\ros2_test\build\publisher': APPDATA=%APPDATA%
C:\opt\ros\noetic\x64\bin=C:\opt\ros\noetic\x64\bin CL=/MP C:\opt\ros\foxy\x64\Scripts\cmake.EXE --build C:\Users\TingWeiOu\ros2_test\build\publisher --config Release
[3.734s] Microsoft (R) Build Engine for .NET Framework 16.11.2+f32259642 版
[3.734s] Copyright (C) Microsoft Corporation. 著作權所有，並保留一切權利。
[3.734s] 
[4.093s]   Checking Build System
[4.187s]   Building Custom Rule C:/Users/TingWeiOu/ros2_test/src/publisher/CMakeLists.txt
[4.265s]   talker.vcxproj -> C:\Users\TingWeiOu\ros2_test\build\publisher\Release\talker.exe
[4.296s]   Building Custom Rule C:/Users/TingWeiOu/ros2_test/src/publisher/CMakeLists.txt
[4.343s] Invoked command in 'C:\Users\TingWeiOu\ros2_test\build\publisher' returned '0': APPDATA=%APPDATA%
C:\opt\ros\noetic\x64\bin=C:\opt\ros\noetic\x64\bin CL=/MP C:\opt\ros\foxy\x64\Scripts\cmake.EXE --build C:\Users\TingWeiOu\ros2_test\build\publisher --config Release
[4.421s] Invoking command in 'C:\Users\TingWeiOu\ros2_test\build\publisher': APPDATA=%APPDATA%
C:\opt\ros\noetic\x64\bin=C:\opt\ros\noetic\x64\bin C:\opt\ros\foxy\x64\Scripts\cmake.EXE --install C:\Users\TingWeiOu\ros2_test\build\publisher --config Release
[4.546s] -- Up-to-date: C:/Users/TingWeiOu/ros2_test/install/lib/publisher/talker.exe
[4.546s] -- Up-to-date: C:/Users/TingWeiOu/ros2_test/install/share/ament_index/resource_index/package_run_dependencies/publisher
[4.546s] -- Up-to-date: C:/Users/TingWeiOu/ros2_test/install/share/ament_index/resource_index/parent_prefix_path/publisher
[4.546s] -- Up-to-date: C:/Users/TingWeiOu/ros2_test/install/share/publisher/environment/ament_prefix_path.bat
[4.546s] -- Installing: C:/Users/TingWeiOu/ros2_test/install/share/publisher/environment/ament_prefix_path.dsv
[4.562s] -- Up-to-date: C:/Users/TingWeiOu/ros2_test/install/share/publisher/environment/path.bat
[4.562s] -- Installing: C:/Users/TingWeiOu/ros2_test/install/share/publisher/environment/path.dsv
[4.578s] -- Up-to-date: C:/Users/TingWeiOu/ros2_test/install/share/publisher/local_setup.bat
[4.593s] -- Installing: C:/Users/TingWeiOu/ros2_test/install/share/publisher/local_setup.dsv
[4.625s] -- Installing: C:/Users/TingWeiOu/ros2_test/install/share/publisher/package.dsv
[4.625s] -- Up-to-date: C:/Users/TingWeiOu/ros2_test/install/share/ament_index/resource_index/packages/publisher
[4.625s] -- Up-to-date: C:/Users/TingWeiOu/ros2_test/install/share/publisher/cmake/publisherConfig.cmake
[4.625s] -- Up-to-date: C:/Users/TingWeiOu/ros2_test/install/share/publisher/cmake/publisherConfig-version.cmake
[4.625s] -- Up-to-date: C:/Users/TingWeiOu/ros2_test/install/share/publisher/package.xml
[4.640s] Invoked command in 'C:\Users\TingWeiOu\ros2_test\build\publisher' returned '0': APPDATA=%APPDATA%
C:\opt\ros\noetic\x64\bin=C:\opt\ros\noetic\x64\bin C:\opt\ros\foxy\x64\Scripts\cmake.EXE --install C:\Users\TingWeiOu\ros2_test\build\publisher --config Release
