[0.062s] Invoking command in 'C:\Users\TingWeiOu\ros2_test\build\publisher': APPDATA=%APPDATA%
C:\opt\ros\noetic\x64\bin=C:\opt\ros\noetic\x64\bin
C:\xmllint\bin=C:\xmllint\bin C:\opt\ros\foxy\x64\Scripts\cmake.EXE C:\Users\TingWeiOu\ros2_test\src\publisher -DCMAKE_INSTALL_PREFIX=C:\Users\TingWeiOu\ros2_test\install
[0.125s] -- Selecting Windows SDK version 10.0.19041.0 to target Windows 10.0.22621.
[0.140s] -- Found ament_cmake: 0.9.9 (C:/opt/ros/foxy/x64/share/ament_cmake/cmake)
[0.172s] -- Using PYTHON_EXECUTABLE: C:/opt/ros/foxy/x64/python.exe
[0.437s] -- Found rclcpp: 2.4.0 (C:/opt/ros/foxy/x64/share/rclcpp/cmake)
[0.469s] -- Using all available rosidl_typesupport_c: rosidl_typesupport_fastrtps_c;rosidl_typesupport_introspection_c
[0.469s] -- Found rosidl_adapter: 1.2.1 (C:/opt/ros/foxy/x64/share/rosidl_adapter/cmake)
[0.937s] -- Using all available rosidl_typesupport_cpp: rosidl_typesupport_fastrtps_cpp;rosidl_typesupport_introspection_cpp
[1.000s] -- Found rmw_implementation_cmake: 1.0.3 (C:/opt/ros/foxy/x64/share/rmw_implementation_cmake/cmake)
[1.015s] -- Using RMW implementation 'rmw_fastrtps_cpp' as default
[1.109s] -- Found std_msgs: 2.0.4 (C:/opt/ros/foxy/x64/share/std_msgs/cmake)
[1.125s] -- Found ament_lint_auto: 0.9.6 (C:/opt/ros/foxy/x64/share/ament_lint_auto/cmake)
[1.203s] -- Added test 'copyright' to check source files copyright and LICENSE
[1.219s] -- Added test 'cppcheck' to perform static code analysis on C / C++ code
[1.219s] -- Configured cppcheck include dirs: $<BUILD_INTERFACE:C:/Users/TingWeiOu/ros2_test/src/publisher/include>
[1.219s] -- Configured cppcheck exclude dirs and/or files: 
[1.234s] -- Added test 'cpplint' to check C / C++ code against the Google style
[1.234s] -- Configured cpplint exclude dirs and/or files: 
[1.234s] -- Added test 'lint_cmake' to check CMake code style
[1.250s] -- Added test 'uncrustify' to check C / C++ code style
[1.250s] -- Configured uncrustify additional arguments: 
[1.250s] -- Added test 'xmllint' to check XML markup files
[1.265s] -- Configuring done
[1.875s] -- Generating done
[1.937s] -- Build files have been written to: C:/Users/TingWeiOu/ros2_test/build/publisher
[2.000s] Invoked command in 'C:\Users\TingWeiOu\ros2_test\build\publisher' returned '0': APPDATA=%APPDATA%
C:\opt\ros\noetic\x64\bin=C:\opt\ros\noetic\x64\bin
C:\xmllint\bin=C:\xmllint\bin C:\opt\ros\foxy\x64\Scripts\cmake.EXE C:\Users\TingWeiOu\ros2_test\src\publisher -DCMAKE_INSTALL_PREFIX=C:\Users\TingWeiOu\ros2_test\install
[2.000s] Invoking command in 'C:\Users\TingWeiOu\ros2_test\build\publisher': APPDATA=%APPDATA%
C:\opt\ros\noetic\x64\bin=C:\opt\ros\noetic\x64\bin
C:\xmllint\bin=C:\xmllint\bin CL=/MP C:\opt\ros\foxy\x64\Scripts\cmake.EXE --build C:\Users\TingWeiOu\ros2_test\build\publisher --config Release
[2.140s] Microsoft (R) Build Engine for .NET Framework 16.11.2+f32259642 版
[2.140s] Copyright (C) Microsoft Corporation. 著作權所有，並保留一切權利。
[2.140s] 
[2.594s]   talker.cpp
[2.859s] C:\opt\ros\foxy\x64\include\rmw/types.h(1,1): warning C4819: 檔案含有無法在目前字碼頁 (950) 中表示的字元。請以 Unicode 格式儲存檔案以防止資料遺失 [C:\Users\TingWeiOu\ros2_test\build\publisher\talker.vcxproj]
[4.344s]   talker.vcxproj -> C:\Users\TingWeiOu\ros2_test\build\publisher\Release\talker.exe
[4.406s] Invoked command in 'C:\Users\TingWeiOu\ros2_test\build\publisher' returned '0': APPDATA=%APPDATA%
C:\opt\ros\noetic\x64\bin=C:\opt\ros\noetic\x64\bin
C:\xmllint\bin=C:\xmllint\bin CL=/MP C:\opt\ros\foxy\x64\Scripts\cmake.EXE --build C:\Users\TingWeiOu\ros2_test\build\publisher --config Release
[4.484s] Invoking command in 'C:\Users\TingWeiOu\ros2_test\build\publisher': APPDATA=%APPDATA%
C:\opt\ros\noetic\x64\bin=C:\opt\ros\noetic\x64\bin
C:\xmllint\bin=C:\xmllint\bin C:\opt\ros\foxy\x64\Scripts\cmake.EXE --install C:\Users\TingWeiOu\ros2_test\build\publisher --config Release
[4.687s] -- Installing: C:/Users/TingWeiOu/ros2_test/install/lib/publisher/talker.exe
[4.703s] -- Up-to-date: C:/Users/TingWeiOu/ros2_test/install/share/ament_index/resource_index/package_run_dependencies/publisher
[4.703s] -- Up-to-date: C:/Users/TingWeiOu/ros2_test/install/share/ament_index/resource_index/parent_prefix_path/publisher
[4.703s] -- Up-to-date: C:/Users/TingWeiOu/ros2_test/install/share/publisher/environment/ament_prefix_path.bat
[4.719s] -- Installing: C:/Users/TingWeiOu/ros2_test/install/share/publisher/environment/ament_prefix_path.dsv
[4.719s] -- Up-to-date: C:/Users/TingWeiOu/ros2_test/install/share/publisher/environment/path.bat
[4.734s] -- Installing: C:/Users/TingWeiOu/ros2_test/install/share/publisher/environment/path.dsv
[4.734s] -- Up-to-date: C:/Users/TingWeiOu/ros2_test/install/share/publisher/local_setup.bat
[4.750s] -- Installing: C:/Users/TingWeiOu/ros2_test/install/share/publisher/local_setup.dsv
[4.750s] -- Installing: C:/Users/TingWeiOu/ros2_test/install/share/publisher/package.dsv
[4.765s] -- Up-to-date: C:/Users/TingWeiOu/ros2_test/install/share/ament_index/resource_index/packages/publisher
[4.765s] -- Up-to-date: C:/Users/TingWeiOu/ros2_test/install/share/publisher/cmake/publisherConfig.cmake
[4.765s] -- Up-to-date: C:/Users/TingWeiOu/ros2_test/install/share/publisher/cmake/publisherConfig-version.cmake
[4.765s] -- Up-to-date: C:/Users/TingWeiOu/ros2_test/install/share/publisher/package.xml
[4.797s] Invoked command in 'C:\Users\TingWeiOu\ros2_test\build\publisher' returned '0': APPDATA=%APPDATA%
C:\opt\ros\noetic\x64\bin=C:\opt\ros\noetic\x64\bin
C:\xmllint\bin=C:\xmllint\bin C:\opt\ros\foxy\x64\Scripts\cmake.EXE --install C:\Users\TingWeiOu\ros2_test\build\publisher --config Release
