-- Selecting Windows SDK version 10.0.19041.0 to target Windows 10.0.22621.
-- The C compiler identification is MSVC 19.29.30148.0
-- The CXX compiler identification is MSVC 19.29.30148.0
-- Detecting C compiler ABI info
-- Detecting C compiler ABI info - done
-- Check for working C compiler: C:/Program Files (x86)/Microsoft Visual Studio/2019/Professional/VC/Tools/MSVC/14.29.30133/bin/Hostx64/x64/cl.exe - skipped
-- Detecting C compile features
-- Detecting C compile features - done
-- Detecting CXX compiler ABI info
-- Detecting CXX compiler ABI info - done
-- Check for working CXX compiler: C:/Program Files (x86)/Microsoft Visual Studio/2019/Professional/VC/Tools/MSVC/14.29.30133/bin/Hostx64/x64/cl.exe - skipped
-- Detecting CXX compile features
-- Detecting CXX compile features - done
-- Found ament_cmake: 0.9.9 (C:/opt/ros/foxy/x64/share/ament_cmake/cmake)
-- Found PythonInterp: C:/opt/ros/foxy/x64/python.exe (found suitable version "3.8.3", minimum required is "3") 
-- Using PYTHON_EXECUTABLE: C:/opt/ros/foxy/x64/python.exe
-- Found rclcpp: 2.4.0 (C:/opt/ros/foxy/x64/share/rclcpp/cmake)
-- Using all available rosidl_typesupport_c: rosidl_typesupport_fastrtps_c;rosidl_typesupport_introspection_c
-- Found rosidl_adapter: 1.2.1 (C:/opt/ros/foxy/x64/share/rosidl_adapter/cmake)
-- Found OpenSSL: C:/opt/ros/foxy/x64/Lib/libcrypto.lib (found version "1.1.1g")  
-- Found FastRTPS: C:/opt/ros/foxy/x64/include  
-- Using all available rosidl_typesupport_cpp: rosidl_typesupport_fastrtps_cpp;rosidl_typesupport_introspection_cpp
-- Found rmw_implementation_cmake: 1.0.3 (C:/opt/ros/foxy/x64/share/rmw_implementation_cmake/cmake)
-- Using RMW implementation 'rmw_fastrtps_cpp' as default
-- Looking for pthread.h
-- Looking for pthread.h - not found
-- Found Threads: TRUE  
-- Found std_msgs: 2.0.4 (C:/opt/ros/foxy/x64/share/std_msgs/cmake)
-- Found ament_lint_auto: 0.9.6 (C:/opt/ros/foxy/x64/share/ament_lint_auto/cmake)
-- Added test 'copyright' to check source files copyright and LICENSE
-- Added test 'cppcheck' to perform static code analysis on C / C++ code
-- Configured cppcheck include dirs: 
-- Configured cppcheck exclude dirs and/or files: 
-- Added test 'cpplint' to check C / C++ code against the Google style
-- Configured cpplint exclude dirs and/or files: 
-- Added test 'lint_cmake' to check CMake code style
-- Added test 'uncrustify' to check C / C++ code style
-- Configured uncrustify additional arguments: 
-- Added test 'xmllint' to check XML markup files
-- Configuring done
-- Generating done
-- Build files have been written to: C:/Users/TingWeiOu/ros2_test/build/cpp_pubsub
Microsoft (R) Build Engine for .NET Framework 16.11.2+f32259642 版
Copyright (C) Microsoft Corporation. 著作權所有，並保留一切權利。

  Checking Build System
  Building Custom Rule C:/Users/TingWeiOu/ros2_test/src/cpp_pubsub/CMakeLists.txt
  talker.cpp
C:\opt\ros\foxy\x64\include\rmw/types.h(1,1): warning C4819: 檔案含有無法在目前字碼頁 (950) 中表示的字元。請以 Unicode 格式儲存檔案以防止資料遺失 [C:\Users\TingWeiOu\ros2_test\build\cpp_pubsub\talker.vcxproj]
  talker.vcxproj -> C:\Users\TingWeiOu\ros2_test\build\cpp_pubsub\Release\talker.exe
  Building Custom Rule C:/Users/TingWeiOu/ros2_test/src/cpp_pubsub/CMakeLists.txt
-- Installing: C:/Users/TingWeiOu/ros2_test/install/share/ament_index/resource_index/package_run_dependencies/cpp_pubsub
-- Installing: C:/Users/TingWeiOu/ros2_test/install/share/ament_index/resource_index/parent_prefix_path/cpp_pubsub
-- Installing: C:/Users/TingWeiOu/ros2_test/install/share/cpp_pubsub/environment/ament_prefix_path.bat
-- Installing: C:/Users/TingWeiOu/ros2_test/install/share/cpp_pubsub/environment/ament_prefix_path.dsv
-- Installing: C:/Users/TingWeiOu/ros2_test/install/share/cpp_pubsub/environment/path.bat
-- Installing: C:/Users/TingWeiOu/ros2_test/install/share/cpp_pubsub/environment/path.dsv
-- Installing: C:/Users/TingWeiOu/ros2_test/install/share/cpp_pubsub/local_setup.bat
-- Installing: C:/Users/TingWeiOu/ros2_test/install/share/cpp_pubsub/local_setup.dsv
-- Installing: C:/Users/TingWeiOu/ros2_test/install/share/cpp_pubsub/package.dsv
-- Installing: C:/Users/TingWeiOu/ros2_test/install/share/ament_index/resource_index/packages/cpp_pubsub
-- Installing: C:/Users/TingWeiOu/ros2_test/install/share/cpp_pubsub/cmake/cpp_pubsubConfig.cmake
-- Installing: C:/Users/TingWeiOu/ros2_test/install/share/cpp_pubsub/cmake/cpp_pubsubConfig-version.cmake
-- Installing: C:/Users/TingWeiOu/ros2_test/install/share/cpp_pubsub/package.xml
