[0.063s] Invoking command in 'C:\Users\TingWeiOu\ros2_test\build\cpp_pubsub': APPDATA=%APPDATA%
C:\opt\ros\noetic\x64\bin=C:\opt\ros\noetic\x64\bin
C:\xmllint\bin=C:\xmllint\bin C:\opt\ros\foxy\x64\Scripts\cmake.EXE C:\Users\TingWeiOu\ros2_test\src\cpp_pubsub -DCMAKE_INSTALL_PREFIX=C:\Users\TingWeiOu\ros2_test\install
[0.156s] -- Selecting Windows SDK version 10.0.19041.0 to target Windows 10.0.22621.
[0.172s] -- Found ament_cmake: 0.9.9 (C:/opt/ros/foxy/x64/share/ament_cmake/cmake)
[0.203s] -- Using PYTHON_EXECUTABLE: C:/opt/ros/foxy/x64/python.exe
[0.453s] -- Found rclcpp: 2.4.0 (C:/opt/ros/foxy/x64/share/rclcpp/cmake)
[0.485s] -- Using all available rosidl_typesupport_c: rosidl_typesupport_fastrtps_c;rosidl_typesupport_introspection_c
[0.500s] -- Found rosidl_adapter: 1.2.1 (C:/opt/ros/foxy/x64/share/rosidl_adapter/cmake)
[0.938s] -- Using all available rosidl_typesupport_cpp: rosidl_typesupport_fastrtps_cpp;rosidl_typesupport_introspection_cpp
[1.000s] -- Found rmw_implementation_cmake: 1.0.3 (C:/opt/ros/foxy/x64/share/rmw_implementation_cmake/cmake)
[1.000s] -- Using RMW implementation 'rmw_fastrtps_cpp' as default
[1.125s] -- Found std_msgs: 2.0.4 (C:/opt/ros/foxy/x64/share/std_msgs/cmake)
[1.141s] -- Found ament_lint_auto: 0.9.6 (C:/opt/ros/foxy/x64/share/ament_lint_auto/cmake)
[1.219s] -- Added test 'copyright' to check source files copyright and LICENSE
[1.235s] -- Added test 'cppcheck' to perform static code analysis on C / C++ code
[1.235s] -- Configured cppcheck include dirs: 
[1.235s] -- Configured cppcheck exclude dirs and/or files: 
[1.250s] -- Added test 'cpplint' to check C / C++ code against the Google style
[1.250s] -- Configured cpplint exclude dirs and/or files: 
[1.266s] -- Added test 'lint_cmake' to check CMake code style
[1.281s] -- Added test 'uncrustify' to check C / C++ code style
[1.281s] -- Configured uncrustify additional arguments: 
[1.281s] -- Added test 'xmllint' to check XML markup files
[1.297s] -- Configuring done
[2.235s] -- Generating done
[2.297s] -- Build files have been written to: C:/Users/TingWeiOu/ros2_test/build/cpp_pubsub
[2.313s] Invoked command in 'C:\Users\TingWeiOu\ros2_test\build\cpp_pubsub' returned '0': APPDATA=%APPDATA%
C:\opt\ros\noetic\x64\bin=C:\opt\ros\noetic\x64\bin
C:\xmllint\bin=C:\xmllint\bin C:\opt\ros\foxy\x64\Scripts\cmake.EXE C:\Users\TingWeiOu\ros2_test\src\cpp_pubsub -DCMAKE_INSTALL_PREFIX=C:\Users\TingWeiOu\ros2_test\install
[2.313s] Invoking command in 'C:\Users\TingWeiOu\ros2_test\build\cpp_pubsub': APPDATA=%APPDATA%
C:\opt\ros\noetic\x64\bin=C:\opt\ros\noetic\x64\bin
C:\xmllint\bin=C:\xmllint\bin CL=/MP C:\opt\ros\foxy\x64\Scripts\cmake.EXE --build C:\Users\TingWeiOu\ros2_test\build\cpp_pubsub --config Release
[2.453s] Microsoft (R) Build Engine for .NET Framework 16.11.2+f32259642 版
[2.453s] Copyright (C) Microsoft Corporation. 著作權所有，並保留一切權利。
[2.453s] 
[2.828s]   listner.vcxproj -> C:\Users\TingWeiOu\ros2_test\build\cpp_pubsub\Release\listner.exe
[2.891s]   talker.vcxproj -> C:\Users\TingWeiOu\ros2_test\build\cpp_pubsub\Release\talker.exe
[2.922s] Invoked command in 'C:\Users\TingWeiOu\ros2_test\build\cpp_pubsub' returned '0': APPDATA=%APPDATA%
C:\opt\ros\noetic\x64\bin=C:\opt\ros\noetic\x64\bin
C:\xmllint\bin=C:\xmllint\bin CL=/MP C:\opt\ros\foxy\x64\Scripts\cmake.EXE --build C:\Users\TingWeiOu\ros2_test\build\cpp_pubsub --config Release
[3.016s] Invoking command in 'C:\Users\TingWeiOu\ros2_test\build\cpp_pubsub': APPDATA=%APPDATA%
C:\opt\ros\noetic\x64\bin=C:\opt\ros\noetic\x64\bin
C:\xmllint\bin=C:\xmllint\bin C:\opt\ros\foxy\x64\Scripts\cmake.EXE --install C:\Users\TingWeiOu\ros2_test\build\cpp_pubsub --config Release
[3.110s] -- Up-to-date: C:/Users/TingWeiOu/ros2_test/install/lib/cpp_pubsub/talker.exe
[3.110s] -- Up-to-date: C:/Users/TingWeiOu/ros2_test/install/lib/cpp_pubsub/talker.exe
[3.203s] -- Up-to-date: C:/Users/TingWeiOu/ros2_test/install/lib/cpp_pubsub/listner.exe
[3.203s] -- Up-to-date: C:/Users/TingWeiOu/ros2_test/install/share/ament_index/resource_index/package_run_dependencies/cpp_pubsub
[3.219s] -- Up-to-date: C:/Users/TingWeiOu/ros2_test/install/share/ament_index/resource_index/parent_prefix_path/cpp_pubsub
[3.219s] -- Up-to-date: C:/Users/TingWeiOu/ros2_test/install/share/cpp_pubsub/environment/ament_prefix_path.bat
[3.219s] -- Installing: C:/Users/TingWeiOu/ros2_test/install/share/cpp_pubsub/environment/ament_prefix_path.dsv
[3.235s] -- Up-to-date: C:/Users/TingWeiOu/ros2_test/install/share/cpp_pubsub/environment/path.bat
[3.235s] -- Installing: C:/Users/TingWeiOu/ros2_test/install/share/cpp_pubsub/environment/path.dsv
[3.250s] -- Up-to-date: C:/Users/TingWeiOu/ros2_test/install/share/cpp_pubsub/local_setup.bat
[3.250s] -- Installing: C:/Users/TingWeiOu/ros2_test/install/share/cpp_pubsub/local_setup.dsv
[3.266s] -- Installing: C:/Users/TingWeiOu/ros2_test/install/share/cpp_pubsub/package.dsv
[3.266s] -- Up-to-date: C:/Users/TingWeiOu/ros2_test/install/share/ament_index/resource_index/packages/cpp_pubsub
[3.266s] -- Up-to-date: C:/Users/TingWeiOu/ros2_test/install/share/cpp_pubsub/cmake/cpp_pubsubConfig.cmake
[3.266s] -- Up-to-date: C:/Users/TingWeiOu/ros2_test/install/share/cpp_pubsub/cmake/cpp_pubsubConfig-version.cmake
[3.266s] -- Up-to-date: C:/Users/TingWeiOu/ros2_test/install/share/cpp_pubsub/package.xml
[3.281s] Invoked command in 'C:\Users\TingWeiOu\ros2_test\build\cpp_pubsub' returned '0': APPDATA=%APPDATA%
C:\opt\ros\noetic\x64\bin=C:\opt\ros\noetic\x64\bin
C:\xmllint\bin=C:\xmllint\bin C:\opt\ros\foxy\x64\Scripts\cmake.EXE --install C:\Users\TingWeiOu\ros2_test\build\cpp_pubsub --config Release
