-- Selecting Windows SDK version 10.0.19041.0 to target Windows 10.0.22621.
-- Found ament_cmake: 0.9.9 (C:/opt/ros/foxy/x64/share/ament_cmake/cmake)
-- Using PYTHON_EXECUTABLE: C:/opt/ros/foxy/x64/python.exe
-- Found rclcpp: 2.4.0 (C:/opt/ros/foxy/x64/share/rclcpp/cmake)
-- Using all available rosidl_typesupport_c: rosidl_typesupport_fastrtps_c;rosidl_typesupport_introspection_c
-- Found rosidl_adapter: 1.2.1 (C:/opt/ros/foxy/x64/share/rosidl_adapter/cmake)
-- Using all available rosidl_typesupport_cpp: rosidl_typesupport_fastrtps_cpp;rosidl_typesupport_introspection_cpp
-- Found rmw_implementation_cmake: 1.0.3 (C:/opt/ros/foxy/x64/share/rmw_implementation_cmake/cmake)
-- Using RMW implementation 'rmw_fastrtps_cpp' as default
-- Found std_msgs: 2.0.4 (C:/opt/ros/foxy/x64/share/std_msgs/cmake)
-- Found ament_lint_auto: 0.9.6 (C:/opt/ros/foxy/x64/share/ament_lint_auto/cmake)
-- Added test 'copyright' to check source files copyright and LICENSE
-- Added test 'cppcheck' to perform static code analysis on C / C++ code
-- Configured cppcheck include dirs: $<BUILD_INTERFACE:C:/Users/TingWeiOu/ros2_test/src/publisher/include>
-- Configured cppcheck exclude dirs and/or files: 
-- Added test 'cpplint' to check C / C++ code against the Google style
-- Configured cpplint exclude dirs and/or files: 
-- Added test 'lint_cmake' to check CMake code style
-- Added test 'uncrustify' to check C / C++ code style
-- Configured uncrustify additional arguments: 
-- Added test 'xmllint' to check XML markup files
-- Configuring done
-- Generating done
-- Build files have been written to: C:/Users/TingWeiOu/ros2_test/build/publisher
