[0.062s] Invoking command in 'C:\Users\TingWeiOu\ros2_test\build\publisher': APPDATA=%APPDATA%
C:\opt\ros\noetic\x64\bin=C:\opt\ros\noetic\x64\bin C:\opt\ros\foxy\x64\Scripts\cmake.EXE C:\Users\TingWeiOu\ros2_test\src\publisher -DCMAKE_INSTALL_PREFIX=C:\Users\TingWeiOu\ros2_test\install -G Visual Studio 16 2019
[0.125s] -- Selecting Windows SDK version 10.0.19041.0 to target Windows 10.0.22621.
[1.391s] -- The C compiler identification is MSVC 19.29.30148.0
[2.219s] -- The CXX compiler identification is MSVC 19.29.30148.0
[2.266s] -- Detecting C compiler ABI info
[3.016s] -- Detecting C compiler ABI info - done
[3.031s] -- Check for working C compiler: C:/Program Files (x86)/Microsoft Visual Studio/2019/Professional/VC/Tools/MSVC/14.29.30133/bin/Hostx64/x64/cl.exe - skipped
[3.047s] -- Detecting C compile features
[3.047s] -- Detecting C compile features - done
[3.047s] -- Detecting CXX compiler ABI info
[3.766s] -- Detecting CXX compiler ABI info - done
[3.781s] -- Check for working CXX compiler: C:/Program Files (x86)/Microsoft Visual Studio/2019/Professional/VC/Tools/MSVC/14.29.30133/bin/Hostx64/x64/cl.exe - skipped
[3.781s] -- Detecting CXX compile features
[3.781s] -- Detecting CXX compile features - done
[3.797s] -- Found ament_cmake: 0.9.9 (C:/opt/ros/foxy/x64/share/ament_cmake/cmake)
[3.875s] -- Found PythonInterp: C:/opt/ros/foxy/x64/python.exe (found suitable version "3.8.3", minimum required is "3") 
[3.875s] -- Using PYTHON_EXECUTABLE: C:/opt/ros/foxy/x64/python.exe
[4.984s] -- Found ament_lint_auto: 0.9.6 (C:/opt/ros/foxy/x64/share/ament_lint_auto/cmake)
[5.187s] -- Added test 'copyright' to check source files copyright and LICENSE
[5.203s] -- Added test 'cppcheck' to perform static code analysis on C / C++ code
[5.203s] -- Configured cppcheck include dirs: $<BUILD_INTERFACE:C:/Users/TingWeiOu/ros2_test/src/publisher/include>
[5.203s] -- Configured cppcheck exclude dirs and/or files: 
[5.219s] -- Added test 'cpplint' to check C / C++ code against the Google style
[5.219s] -- Configured cpplint exclude dirs and/or files: 
[5.219s] -- Added test 'lint_cmake' to check CMake code style
[5.234s] -- Added test 'uncrustify' to check C / C++ code style
[5.234s] -- Configured uncrustify additional arguments: 
[5.250s] -- Added test 'xmllint' to check XML markup files
[5.281s] -- Configuring done
[5.359s] -- Generating done
[5.406s] -- Build files have been written to: C:/Users/TingWeiOu/ros2_test/build/publisher
[5.422s] Invoked command in 'C:\Users\TingWeiOu\ros2_test\build\publisher' returned '0': APPDATA=%APPDATA%
C:\opt\ros\noetic\x64\bin=C:\opt\ros\noetic\x64\bin C:\opt\ros\foxy\x64\Scripts\cmake.EXE C:\Users\TingWeiOu\ros2_test\src\publisher -DCMAKE_INSTALL_PREFIX=C:\Users\TingWeiOu\ros2_test\install -G Visual Studio 16 2019
[5.422s] Invoking command in 'C:\Users\TingWeiOu\ros2_test\build\publisher': APPDATA=%APPDATA%
C:\opt\ros\noetic\x64\bin=C:\opt\ros\noetic\x64\bin CL=/MP C:\opt\ros\foxy\x64\Scripts\cmake.EXE --build C:\Users\TingWeiOu\ros2_test\build\publisher --config Release
[5.609s] Microsoft (R) Build Engine for .NET Framework 16.11.2+f32259642 版
[5.609s] Copyright (C) Microsoft Corporation. 著作權所有，並保留一切權利。
[5.609s] 
[5.922s]   Checking Build System
[6.062s]   Building Custom Rule C:/Users/TingWeiOu/ros2_test/src/publisher/CMakeLists.txt
[6.172s]   talker.cpp
[6.391s]   talker.vcxproj -> C:\Users\TingWeiOu\ros2_test\build\publisher\Release\talker.exe
[6.437s]   Building Custom Rule C:/Users/TingWeiOu/ros2_test/src/publisher/CMakeLists.txt
[6.500s] Invoked command in 'C:\Users\TingWeiOu\ros2_test\build\publisher' returned '0': APPDATA=%APPDATA%
C:\opt\ros\noetic\x64\bin=C:\opt\ros\noetic\x64\bin CL=/MP C:\opt\ros\foxy\x64\Scripts\cmake.EXE --build C:\Users\TingWeiOu\ros2_test\build\publisher --config Release
[6.578s] Invoking command in 'C:\Users\TingWeiOu\ros2_test\build\publisher': APPDATA=%APPDATA%
C:\opt\ros\noetic\x64\bin=C:\opt\ros\noetic\x64\bin C:\opt\ros\foxy\x64\Scripts\cmake.EXE --install C:\Users\TingWeiOu\ros2_test\build\publisher --config Release
[6.672s] -- Installing: C:/Users/TingWeiOu/ros2_test/install/lib/publisher/talker.exe
[6.672s] -- Installing: C:/Users/TingWeiOu/ros2_test/install/share/ament_index/resource_index/package_run_dependencies/publisher
[6.672s] -- Installing: C:/Users/TingWeiOu/ros2_test/install/share/ament_index/resource_index/parent_prefix_path/publisher
[6.672s] -- Installing: C:/Users/TingWeiOu/ros2_test/install/share/publisher/environment/ament_prefix_path.bat
[6.687s] -- Installing: C:/Users/TingWeiOu/ros2_test/install/share/publisher/environment/ament_prefix_path.dsv
[6.687s] -- Installing: C:/Users/TingWeiOu/ros2_test/install/share/publisher/environment/path.bat
[6.687s] -- Installing: C:/Users/TingWeiOu/ros2_test/install/share/publisher/environment/path.dsv
[6.687s] -- Installing: C:/Users/TingWeiOu/ros2_test/install/share/publisher/local_setup.bat
[6.687s] -- Installing: C:/Users/TingWeiOu/ros2_test/install/share/publisher/local_setup.dsv
[6.703s] -- Installing: C:/Users/TingWeiOu/ros2_test/install/share/publisher/package.dsv
[6.703s] -- Installing: C:/Users/TingWeiOu/ros2_test/install/share/ament_index/resource_index/packages/publisher
[6.703s] -- Installing: C:/Users/TingWeiOu/ros2_test/install/share/publisher/cmake/publisherConfig.cmake
[6.703s] -- Installing: C:/Users/TingWeiOu/ros2_test/install/share/publisher/cmake/publisherConfig-version.cmake
[6.703s] -- Installing: C:/Users/TingWeiOu/ros2_test/install/share/publisher/package.xml
[6.719s] Invoked command in 'C:\Users\TingWeiOu\ros2_test\build\publisher' returned '0': APPDATA=%APPDATA%
C:\opt\ros\noetic\x64\bin=C:\opt\ros\noetic\x64\bin C:\opt\ros\foxy\x64\Scripts\cmake.EXE --install C:\Users\TingWeiOu\ros2_test\build\publisher --config Release
