[0.094s] Invoking command in 'C:\Users\TingWeiOu\ros2_test\build\publisher': APPDATA=%APPDATA%
C:\opt\ros\noetic\x64\bin=C:\opt\ros\noetic\x64\bin
C:\xmllint\bin=C:\xmllint\bin C:\opt\ros\foxy\x64\Scripts\cmake.EXE C:\Users\TingWeiOu\ros2_test\src\publisher -DCMAKE_INSTALL_PREFIX=C:\Users\TingWeiOu\ros2_test\install
[0.188s] -- Selecting Windows SDK version 10.0.19041.0 to target Windows 10.0.22621.
[0.203s] -- Found ament_cmake: 0.9.9 (C:/opt/ros/foxy/x64/share/ament_cmake/cmake)
[0.234s] -- Using PYTHON_EXECUTABLE: C:/opt/ros/foxy/x64/python.exe
[0.469s] -- Found rclcpp: 2.4.0 (C:/opt/ros/foxy/x64/share/rclcpp/cmake)
[0.500s] -- Using all available rosidl_typesupport_c: rosidl_typesupport_fastrtps_c;rosidl_typesupport_introspection_c
[0.516s] -- Found rosidl_adapter: 1.2.1 (C:/opt/ros/foxy/x64/share/rosidl_adapter/cmake)
[0.906s] -- Using all available rosidl_typesupport_cpp: rosidl_typesupport_fastrtps_cpp;rosidl_typesupport_introspection_cpp
[0.969s] -- Found rmw_implementation_cmake: 1.0.3 (C:/opt/ros/foxy/x64/share/rmw_implementation_cmake/cmake)
[0.969s] -- Using RMW implementation 'rmw_fastrtps_cpp' as default
[1.078s] -- Found std_msgs: 2.0.4 (C:/opt/ros/foxy/x64/share/std_msgs/cmake)
[1.094s] -- Found ament_lint_auto: 0.9.6 (C:/opt/ros/foxy/x64/share/ament_lint_auto/cmake)
[1.188s] -- Added test 'copyright' to check source files copyright and LICENSE
[1.188s] -- Added test 'cppcheck' to perform static code analysis on C / C++ code
[1.188s] -- Configured cppcheck include dirs: $<BUILD_INTERFACE:C:/Users/TingWeiOu/ros2_test/src/publisher/include>
[1.188s] -- Configured cppcheck exclude dirs and/or files: 
[1.203s] -- Added test 'cpplint' to check C / C++ code against the Google style
[1.203s] -- Configured cpplint exclude dirs and/or files: 
[1.219s] -- Added test 'lint_cmake' to check CMake code style
[1.219s] -- Added test 'uncrustify' to check C / C++ code style
[1.219s] -- Configured uncrustify additional arguments: 
[1.234s] -- Added test 'xmllint' to check XML markup files
[1.234s] -- Configuring done
[1.453s] -- Generating done
[1.484s] -- Build files have been written to: C:/Users/TingWeiOu/ros2_test/build/publisher
[1.500s] Invoked command in 'C:\Users\TingWeiOu\ros2_test\build\publisher' returned '0': APPDATA=%APPDATA%
C:\opt\ros\noetic\x64\bin=C:\opt\ros\noetic\x64\bin
C:\xmllint\bin=C:\xmllint\bin C:\opt\ros\foxy\x64\Scripts\cmake.EXE C:\Users\TingWeiOu\ros2_test\src\publisher -DCMAKE_INSTALL_PREFIX=C:\Users\TingWeiOu\ros2_test\install
[1.500s] Invoking command in 'C:\Users\TingWeiOu\ros2_test\build\publisher': APPDATA=%APPDATA%
C:\opt\ros\noetic\x64\bin=C:\opt\ros\noetic\x64\bin
C:\xmllint\bin=C:\xmllint\bin CL=/MP C:\opt\ros\foxy\x64\Scripts\cmake.EXE --build C:\Users\TingWeiOu\ros2_test\build\publisher --config Release
[1.625s] Microsoft (R) Build Engine for .NET Framework 16.11.2+f32259642 版
[1.625s] Copyright (C) Microsoft Corporation. 著作權所有，並保留一切權利。
[1.625s] 
[1.984s]   talker.vcxproj -> C:\Users\TingWeiOu\ros2_test\build\publisher\Release\talker.exe
[2.031s] Invoked command in 'C:\Users\TingWeiOu\ros2_test\build\publisher' returned '0': APPDATA=%APPDATA%
C:\opt\ros\noetic\x64\bin=C:\opt\ros\noetic\x64\bin
C:\xmllint\bin=C:\xmllint\bin CL=/MP C:\opt\ros\foxy\x64\Scripts\cmake.EXE --build C:\Users\TingWeiOu\ros2_test\build\publisher --config Release
[2.094s] Invoking command in 'C:\Users\TingWeiOu\ros2_test\build\publisher': APPDATA=%APPDATA%
C:\opt\ros\noetic\x64\bin=C:\opt\ros\noetic\x64\bin
C:\xmllint\bin=C:\xmllint\bin C:\opt\ros\foxy\x64\Scripts\cmake.EXE --install C:\Users\TingWeiOu\ros2_test\build\publisher --config Release
[2.156s] -- Up-to-date: C:/Users/TingWeiOu/ros2_test/install/lib/publisher/talker.exe
[2.156s] -- Up-to-date: C:/Users/TingWeiOu/ros2_test/install/share/ament_index/resource_index/package_run_dependencies/publisher
[2.156s] -- Up-to-date: C:/Users/TingWeiOu/ros2_test/install/share/ament_index/resource_index/parent_prefix_path/publisher
[2.156s] -- Up-to-date: C:/Users/TingWeiOu/ros2_test/install/share/publisher/environment/ament_prefix_path.bat
[2.156s] -- Installing: C:/Users/TingWeiOu/ros2_test/install/share/publisher/environment/ament_prefix_path.dsv
[2.172s] -- Up-to-date: C:/Users/TingWeiOu/ros2_test/install/share/publisher/environment/path.bat
[2.172s] -- Installing: C:/Users/TingWeiOu/ros2_test/install/share/publisher/environment/path.dsv
[2.172s] -- Up-to-date: C:/Users/TingWeiOu/ros2_test/install/share/publisher/local_setup.bat
[2.172s] -- Installing: C:/Users/TingWeiOu/ros2_test/install/share/publisher/local_setup.dsv
[2.172s] -- Installing: C:/Users/TingWeiOu/ros2_test/install/share/publisher/package.dsv
[2.172s] -- Up-to-date: C:/Users/TingWeiOu/ros2_test/install/share/ament_index/resource_index/packages/publisher
[2.172s] -- Up-to-date: C:/Users/TingWeiOu/ros2_test/install/share/publisher/cmake/publisherConfig.cmake
[2.172s] -- Up-to-date: C:/Users/TingWeiOu/ros2_test/install/share/publisher/cmake/publisherConfig-version.cmake
[2.172s] -- Up-to-date: C:/Users/TingWeiOu/ros2_test/install/share/publisher/package.xml
[2.188s] Invoked command in 'C:\Users\TingWeiOu\ros2_test\build\publisher' returned '0': APPDATA=%APPDATA%
C:\opt\ros\noetic\x64\bin=C:\opt\ros\noetic\x64\bin
C:\xmllint\bin=C:\xmllint\bin C:\opt\ros\foxy\x64\Scripts\cmake.EXE --install C:\Users\TingWeiOu\ros2_test\build\publisher --config Release
