-- Selecting Windows SDK version 10.0.19041.0 to target Windows 10.0.22621.
-- Found ament_cmake: 0.9.9 (C:/opt/ros/foxy/x64/share/ament_cmake/cmake)
-- Using PYTHON_EXECUTABLE: C:/opt/ros/foxy/x64/python.exe
-- Found rclcpp: 2.4.0 (C:/opt/ros/foxy/x64/share/rclcpp/cmake)
-- Found rmw_implementation_cmake: 1.0.3 (C:/opt/ros/foxy/x64/share/rmw_implementation_cmake/cmake)
CMake Error at C:/opt/ros/foxy/x64/share/rmw_implementation/cmake/rmw_implementation-extras.cmake:54 (message):
  The RMW implementation has been specified as 'rmw_fastrtps_cpp' via the
  default when rmw_implementation was built, but it is not available at this
  time.



  Currently available middlewares:

  ''
Call Stack (most recent call first):
  C:/opt/ros/foxy/x64/share/rmw_implementation/cmake/rmw_implementationConfig.cmake:41 (include)
  C:/opt/ros/foxy/x64/share/rcl/cmake/ament_cmake_export_dependencies-extras.cmake:21 (find_package)
  C:/opt/ros/foxy/x64/share/rcl/cmake/rclConfig.cmake:41 (include)
  C:/opt/ros/foxy/x64/share/libstatistics_collector/cmake/ament_cmake_export_dependencies-extras.cmake:21 (find_package)
  C:/opt/ros/foxy/x64/share/libstatistics_collector/cmake/libstatistics_collectorConfig.cmake:41 (include)
  C:/opt/ros/foxy/x64/share/rclcpp/cmake/ament_cmake_export_dependencies-extras.cmake:21 (find_package)
  C:/opt/ros/foxy/x64/share/rclcpp/cmake/rclcppConfig.cmake:41 (include)
  CMakeLists.txt:20 (find_package)


-- Configuring incomplete, errors occurred!
