-- Selecting Windows SDK version 10.0.19041.0 to target Windows 10.0.22621.
-- The C compiler identification is MSVC 19.29.30148.0
-- The CXX compiler identification is MSVC 19.29.30148.0
-- Detecting C compiler ABI info
-- Detecting C compiler ABI info - done
-- Check for working C compiler: C:/Program Files (x86)/Microsoft Visual Studio/2019/Professional/VC/Tools/MSVC/14.29.30133/bin/Hostx64/x64/cl.exe - skipped
-- Detecting C compile features
-- Detecting C compile features - done
-- Detecting CXX compiler ABI info
-- Detecting CXX compiler ABI info - done
-- Check for working CXX compiler: C:/Program Files (x86)/Microsoft Visual Studio/2019/Professional/VC/Tools/MSVC/14.29.30133/bin/Hostx64/x64/cl.exe - skipped
-- Detecting CXX compile features
-- Detecting CXX compile features - done
-- Found ament_cmake: 0.9.9 (C:/opt/ros/foxy/x64/share/ament_cmake/cmake)
-- Using PYTHON_EXECUTABLE: C:/opt/ros/foxy/x64/python.exe
-- Found rclcpp: 2.4.0 (C:/opt/ros/foxy/x64/share/rclcpp/cmake)
-- Found rmw_implementation_cmake: 1.0.3 (C:/opt/ros/foxy/x64/share/rmw_implementation_cmake/cmake)
CMake Error at C:/opt/ros/foxy/x64/share/rmw_implementation/cmake/rmw_implementation-extras.cmake:54 (message):
  The RMW implementation has been specified as 'rmw_fastrtps_cpp' via the
  default when rmw_implementation was built, but it is not available at this
  time.



  Currently available middlewares:

  ''
Call Stack (most recent call first):
  C:/opt/ros/foxy/x64/share/rmw_implementation/cmake/rmw_implementationConfig.cmake:41 (include)
  C:/opt/ros/foxy/x64/share/rcl/cmake/ament_cmake_export_dependencies-extras.cmake:21 (find_package)
  C:/opt/ros/foxy/x64/share/rcl/cmake/rclConfig.cmake:41 (include)
  C:/opt/ros/foxy/x64/share/libstatistics_collector/cmake/ament_cmake_export_dependencies-extras.cmake:21 (find_package)
  C:/opt/ros/foxy/x64/share/libstatistics_collector/cmake/libstatistics_collectorConfig.cmake:41 (include)
  C:/opt/ros/foxy/x64/share/rclcpp/cmake/ament_cmake_export_dependencies-extras.cmake:21 (find_package)
  C:/opt/ros/foxy/x64/share/rclcpp/cmake/rclcppConfig.cmake:41 (include)
  CMakeLists.txt:20 (find_package)


-- Configuring incomplete, errors occurred!
